<?xml version="1.0" encoding="UTF-8"?>
<!-- Generated by org.testng.reporters.JUnitXMLReporter -->
<testsuite ignored="0" hostname="My-MacBook-Air.lan" failures="0" tests="8" name="Default test" time="85.383" errors="0" timestamp="2021-02-24T21:43:36 CST">
  <testcase classname="progressiveTestCases.ProgressiveTest" name="testCase1" time="0.281"/>
  <testcase classname="progressiveTestCases.ProgressiveTest" name="testCase2" time="3.488"/>
  <testcase classname="progressiveTestCases.ProgressiveTest" name="testCase3" time="9.496"/>
  <testcase classname="progressiveTestCases.ProgressiveTest" name="testCase4" time="22.316"/>
  <testcase classname="progressiveTestCases.ProgressiveTest" name="testCase5" time="13.423"/>
  <testcase classname="progressiveTestCases.ProgressiveTest" name="testCase6" time="3.149"/>
  <testcase classname="progressiveTestCases.ProgressiveTest" name="testCase7" time="9.766"/>
  <testcase classname="progressiveTestCases.ProgressiveTest" name="testCase8" time="4.573"/>
</testsuite> <!-- Default test -->
